[1.416s] Invoking command in '/home/pablo/ros_ws/src/practica1': PYTHONPATH=/home/pablo/ros_ws/src/practica1/build/practica1/prefix_override:/usr/lib/python3/dist-packages/colcon_core/task/python/colcon_distutils_commands:/home/pablo/ros_ws/src/practica1/install/practica1/lib/python3.12/site-packages:${PYTHONPATH} /usr/bin/python3 -W ignore:setup.py install is deprecated -W ignore:easy_install command is deprecated setup.py egg_info --egg-base build/practica1 build --build-base /home/pablo/ros_ws/src/practica1/build/practica1/build install --record /home/pablo/ros_ws/src/practica1/build/practica1/install.log --single-version-externally-managed install_data
[1.909s] running egg_info
[1.948s] writing build/practica1/practica1.egg-info/PKG-INFO
[1.949s] writing dependency_links to build/practica1/practica1.egg-info/dependency_links.txt
[1.949s] writing entry points to build/practica1/practica1.egg-info/entry_points.txt
[1.949s] writing requirements to build/practica1/practica1.egg-info/requires.txt
[1.949s] writing top-level names to build/practica1/practica1.egg-info/top_level.txt
[2.028s] reading manifest file 'build/practica1/practica1.egg-info/SOURCES.txt'
[2.028s] adding license file 'LICENSE'
[2.029s] writing manifest file 'build/practica1/practica1.egg-info/SOURCES.txt'
[2.029s] running build
[2.030s] running build_py
[2.030s] copying practica1/obstacle_avoider.py -> /home/pablo/ros_ws/src/practica1/build/practica1/build/lib/practica1
[2.030s] running install
[2.040s] running install_lib
[2.079s] copying /home/pablo/ros_ws/src/practica1/build/practica1/build/lib/practica1/obstacle_avoider.py -> /home/pablo/ros_ws/src/practica1/install/practica1/lib/python3.12/site-packages/practica1
[2.080s] byte-compiling /home/pablo/ros_ws/src/practica1/install/practica1/lib/python3.12/site-packages/practica1/obstacle_avoider.py to obstacle_avoider.cpython-312.pyc
[2.081s] running install_data
[2.081s] running install_egg_info
[2.123s] removing '/home/pablo/ros_ws/src/practica1/install/practica1/lib/python3.12/site-packages/practica1-0.0.0-py3.12.egg-info' (and everything under it)
[2.123s] Copying build/practica1/practica1.egg-info to /home/pablo/ros_ws/src/practica1/install/practica1/lib/python3.12/site-packages/practica1-0.0.0-py3.12.egg-info
[2.124s] running install_scripts
[2.376s] Installing my_robot_driver script to /home/pablo/ros_ws/src/practica1/install/practica1/lib/practica1
[2.377s] Installing obstacle_avoider script to /home/pablo/ros_ws/src/practica1/install/practica1/lib/practica1
[2.377s] writing list of installed files to '/home/pablo/ros_ws/src/practica1/build/practica1/install.log'
[2.413s] Invoked command in '/home/pablo/ros_ws/src/practica1' returned '0': PYTHONPATH=/home/pablo/ros_ws/src/practica1/build/practica1/prefix_override:/usr/lib/python3/dist-packages/colcon_core/task/python/colcon_distutils_commands:/home/pablo/ros_ws/src/practica1/install/practica1/lib/python3.12/site-packages:${PYTHONPATH} /usr/bin/python3 -W ignore:setup.py install is deprecated -W ignore:easy_install command is deprecated setup.py egg_info --egg-base build/practica1 build --build-base /home/pablo/ros_ws/src/practica1/build/practica1/build install --record /home/pablo/ros_ws/src/practica1/build/practica1/install.log --single-version-externally-managed install_data
