[1.394s] Invoking command in '/home/pablo/ros_ws/src/practica1': PYTHONPATH=/home/pablo/ros_ws/src/practica1/build/practica1/prefix_override:/usr/lib/python3/dist-packages/colcon_core/task/python/colcon_distutils_commands:/home/pablo/ros_ws/src/practica1/install/practica1/lib/python3.12/site-packages:${PYTHONPATH} /usr/bin/python3 -W ignore:setup.py install is deprecated -W ignore:easy_install command is deprecated setup.py egg_info --egg-base build/practica1 build --build-base /home/pablo/ros_ws/src/practica1/build/practica1/build install --record /home/pablo/ros_ws/src/practica1/build/practica1/install.log --single-version-externally-managed install_data
[1.884s] running egg_info
[1.925s] writing build/practica1/practica1.egg-info/PKG-INFO
[1.926s] writing dependency_links to build/practica1/practica1.egg-info/dependency_links.txt
[1.926s] writing entry points to build/practica1/practica1.egg-info/entry_points.txt
[1.926s] writing requirements to build/practica1/practica1.egg-info/requires.txt
[1.926s] writing top-level names to build/practica1/practica1.egg-info/top_level.txt
[2.004s] reading manifest file 'build/practica1/practica1.egg-info/SOURCES.txt'
[2.005s] adding license file 'LICENSE'
[2.006s] writing manifest file 'build/practica1/practica1.egg-info/SOURCES.txt'
[2.006s] running build
[2.006s] running build_py
[2.007s] running install
[2.017s] running install_lib
[2.057s] running install_data
[2.057s] copying resource/my_robot.urdf -> /home/pablo/ros_ws/src/practica1/install/practica1/share/practica1/resource
[2.057s] running install_egg_info
[2.098s] removing '/home/pablo/ros_ws/src/practica1/install/practica1/lib/python3.12/site-packages/practica1-0.0.0-py3.12.egg-info' (and everything under it)
[2.098s] Copying build/practica1/practica1.egg-info to /home/pablo/ros_ws/src/practica1/install/practica1/lib/python3.12/site-packages/practica1-0.0.0-py3.12.egg-info
[2.100s] running install_scripts
[2.353s] Installing my_robot_driver script to /home/pablo/ros_ws/src/practica1/install/practica1/lib/practica1
[2.353s] writing list of installed files to '/home/pablo/ros_ws/src/practica1/build/practica1/install.log'
[2.389s] Invoked command in '/home/pablo/ros_ws/src/practica1' returned '0': PYTHONPATH=/home/pablo/ros_ws/src/practica1/build/practica1/prefix_override:/usr/lib/python3/dist-packages/colcon_core/task/python/colcon_distutils_commands:/home/pablo/ros_ws/src/practica1/install/practica1/lib/python3.12/site-packages:${PYTHONPATH} /usr/bin/python3 -W ignore:setup.py install is deprecated -W ignore:easy_install command is deprecated setup.py egg_info --egg-base build/practica1 build --build-base /home/pablo/ros_ws/src/practica1/build/practica1/build install --record /home/pablo/ros_ws/src/practica1/build/practica1/install.log --single-version-externally-managed install_data
