/home/pablo/ros_ws/src/practica1/install/practica1/lib/python3.12/site-packages/practica1/my_robot_driver.py
/home/pablo/ros_ws/src/practica1/install/practica1/lib/python3.12/site-packages/practica1/__init__.py
/home/pablo/ros_ws/src/practica1/install/practica1/lib/python3.12/site-packages/practica1/objetos_seguir.py
/home/pablo/ros_ws/src/practica1/install/practica1/lib/python3.12/site-packages/practica1/__pycache__/my_robot_driver.cpython-312.pyc
/home/pablo/ros_ws/src/practica1/install/practica1/lib/python3.12/site-packages/practica1/__pycache__/__init__.cpython-312.pyc
/home/pablo/ros_ws/src/practica1/install/practica1/lib/python3.12/site-packages/practica1/__pycache__/objetos_seguir.cpython-312.pyc
/home/pablo/ros_ws/src/practica1/install/practica1/share/ament_index/resource_index/packages/practica1
/home/pablo/ros_ws/src/practica1/install/practica1/share/practica1/launch/robot_launch.py
/home/pablo/ros_ws/src/practica1/install/practica1/share/practica1/worlds/my_world.wbt
/home/pablo/ros_ws/src/practica1/install/practica1/share/practica1/resource/my_robot.urdf
/home/pablo/ros_ws/src/practica1/install/practica1/share/practica1/package.xml
/home/pablo/ros_ws/src/practica1/install/practica1/lib/python3.12/site-packages/practica1-0.0.0-py3.12.egg-info/dependency_links.txt
/home/pablo/ros_ws/src/practica1/install/practica1/lib/python3.12/site-packages/practica1-0.0.0-py3.12.egg-info/top_level.txt
/home/pablo/ros_ws/src/practica1/install/practica1/lib/python3.12/site-packages/practica1-0.0.0-py3.12.egg-info/PKG-INFO
/home/pablo/ros_ws/src/practica1/install/practica1/lib/python3.12/site-packages/practica1-0.0.0-py3.12.egg-info/zip-safe
/home/pablo/ros_ws/src/practica1/install/practica1/lib/python3.12/site-packages/practica1-0.0.0-py3.12.egg-info/entry_points.txt
/home/pablo/ros_ws/src/practica1/install/practica1/lib/python3.12/site-packages/practica1-0.0.0-py3.12.egg-info/requires.txt
/home/pablo/ros_ws/src/practica1/install/practica1/lib/python3.12/site-packages/practica1-0.0.0-py3.12.egg-info/SOURCES.txt
/home/pablo/ros_ws/src/practica1/install/practica1/lib/practica1/my_robot_driver
/home/pablo/ros_ws/src/practica1/install/practica1/lib/practica1/objetos_seguir
