[1.400s] Invoking command in '/home/pablo/ros_ws/src/practica1': PYTHONPATH=/home/pablo/ros_ws/src/practica1/build/practica1/prefix_override:/usr/lib/python3/dist-packages/colcon_core/task/python/colcon_distutils_commands:/home/pablo/ros_ws/src/practica1/install/practica1/lib/python3.12/site-packages:${PYTHONPATH} /usr/bin/python3 -W ignore:setup.py install is deprecated -W ignore:easy_install command is deprecated setup.py egg_info --egg-base build/practica1 build --build-base /home/pablo/ros_ws/src/practica1/build/practica1/build install --record /home/pablo/ros_ws/src/practica1/build/practica1/install.log --single-version-externally-managed install_data
[1.881s] running egg_info
[1.920s] writing build/practica1/practica1.egg-info/PKG-INFO
[1.920s] writing dependency_links to build/practica1/practica1.egg-info/dependency_links.txt
[1.920s] writing entry points to build/practica1/practica1.egg-info/entry_points.txt
[1.921s] writing requirements to build/practica1/practica1.egg-info/requires.txt
[1.921s] writing top-level names to build/practica1/practica1.egg-info/top_level.txt
[1.997s] reading manifest file 'build/practica1/practica1.egg-info/SOURCES.txt'
[1.998s] adding license file 'LICENSE'
[1.999s] writing manifest file 'build/practica1/practica1.egg-info/SOURCES.txt'
[1.999s] running build
[1.999s] running build_py
[1.999s] copying practica1/objetos_seguir.py -> /home/pablo/ros_ws/src/practica1/build/practica1/build/lib/practica1
[2.000s] running install
[2.010s] running install_lib
[2.048s] copying /home/pablo/ros_ws/src/practica1/build/practica1/build/lib/practica1/objetos_seguir.py -> /home/pablo/ros_ws/src/practica1/install/practica1/lib/python3.12/site-packages/practica1
[2.049s] byte-compiling /home/pablo/ros_ws/src/practica1/install/practica1/lib/python3.12/site-packages/practica1/objetos_seguir.py to objetos_seguir.cpython-312.pyc
[2.050s] running install_data
[2.050s] copying launch/robot_launch.py -> /home/pablo/ros_ws/src/practica1/install/practica1/share/practica1/launch
[2.051s] copying worlds/my_world.wbt -> /home/pablo/ros_ws/src/practica1/install/practica1/share/practica1/worlds
[2.051s] running install_egg_info
[2.090s] removing '/home/pablo/ros_ws/src/practica1/install/practica1/lib/python3.12/site-packages/practica1-0.0.0-py3.12.egg-info' (and everything under it)
[2.091s] Copying build/practica1/practica1.egg-info to /home/pablo/ros_ws/src/practica1/install/practica1/lib/python3.12/site-packages/practica1-0.0.0-py3.12.egg-info
[2.092s] running install_scripts
[2.362s] Installing my_robot_driver script to /home/pablo/ros_ws/src/practica1/install/practica1/lib/practica1
[2.363s] Installing objetos_seguir script to /home/pablo/ros_ws/src/practica1/install/practica1/lib/practica1
[2.363s] writing list of installed files to '/home/pablo/ros_ws/src/practica1/build/practica1/install.log'
[2.399s] Invoked command in '/home/pablo/ros_ws/src/practica1' returned '0': PYTHONPATH=/home/pablo/ros_ws/src/practica1/build/practica1/prefix_override:/usr/lib/python3/dist-packages/colcon_core/task/python/colcon_distutils_commands:/home/pablo/ros_ws/src/practica1/install/practica1/lib/python3.12/site-packages:${PYTHONPATH} /usr/bin/python3 -W ignore:setup.py install is deprecated -W ignore:easy_install command is deprecated setup.py egg_info --egg-base build/practica1 build --build-base /home/pablo/ros_ws/src/practica1/build/practica1/build install --record /home/pablo/ros_ws/src/practica1/build/practica1/install.log --single-version-externally-managed install_data
