[1.383s] Invoking command in '/home/pablo/ros_ws/src/practica1': PYTHONPATH=/home/pablo/ros_ws/src/practica1/build/practica1/prefix_override:/usr/lib/python3/dist-packages/colcon_core/task/python/colcon_distutils_commands:/home/pablo/ros_ws/src/practica1/install/practica1/lib/python3.12/site-packages:${PYTHONPATH} /usr/bin/python3 -W ignore:setup.py install is deprecated -W ignore:easy_install command is deprecated setup.py egg_info --egg-base build/practica1 build --build-base /home/pablo/ros_ws/src/practica1/build/practica1/build install --record /home/pablo/ros_ws/src/practica1/build/practica1/install.log --single-version-externally-managed install_data
[1.865s] running egg_info
[1.866s] creating build/practica1/practica1.egg-info
[1.903s] writing build/practica1/practica1.egg-info/PKG-INFO
[1.903s] writing dependency_links to build/practica1/practica1.egg-info/dependency_links.txt
[1.903s] writing entry points to build/practica1/practica1.egg-info/entry_points.txt
[1.904s] writing requirements to build/practica1/practica1.egg-info/requires.txt
[1.904s] writing top-level names to build/practica1/practica1.egg-info/top_level.txt
[1.904s] writing manifest file 'build/practica1/practica1.egg-info/SOURCES.txt'
[1.980s] reading manifest file 'build/practica1/practica1.egg-info/SOURCES.txt'
[1.981s] adding license file 'LICENSE'
[1.982s] writing manifest file 'build/practica1/practica1.egg-info/SOURCES.txt'
[1.982s] running build
[1.982s] running build_py
[1.982s] creating /home/pablo/ros_ws/src/practica1/build/practica1/build
[1.983s] creating /home/pablo/ros_ws/src/practica1/build/practica1/build/lib
[1.983s] creating /home/pablo/ros_ws/src/practica1/build/practica1/build/lib/practica1
[1.983s] copying practica1/my_robot_driver.py -> /home/pablo/ros_ws/src/practica1/build/practica1/build/lib/practica1
[1.983s] copying practica1/__init__.py -> /home/pablo/ros_ws/src/practica1/build/practica1/build/lib/practica1
[1.983s] running install
[1.993s] running install_lib
[2.031s] creating /home/pablo/ros_ws/src/practica1/install/practica1/lib/python3.12/site-packages/practica1
[2.032s] copying /home/pablo/ros_ws/src/practica1/build/practica1/build/lib/practica1/my_robot_driver.py -> /home/pablo/ros_ws/src/practica1/install/practica1/lib/python3.12/site-packages/practica1
[2.032s] copying /home/pablo/ros_ws/src/practica1/build/practica1/build/lib/practica1/__init__.py -> /home/pablo/ros_ws/src/practica1/install/practica1/lib/python3.12/site-packages/practica1
[2.033s] byte-compiling /home/pablo/ros_ws/src/practica1/install/practica1/lib/python3.12/site-packages/practica1/my_robot_driver.py to my_robot_driver.cpython-312.pyc
[2.033s] byte-compiling /home/pablo/ros_ws/src/practica1/install/practica1/lib/python3.12/site-packages/practica1/__init__.py to __init__.cpython-312.pyc
[2.034s] running install_data
[2.034s] creating /home/pablo/ros_ws/src/practica1/install/practica1/share/ament_index
[2.034s] creating /home/pablo/ros_ws/src/practica1/install/practica1/share/ament_index/resource_index
[2.035s] creating /home/pablo/ros_ws/src/practica1/install/practica1/share/ament_index/resource_index/packages
[2.035s] copying resource/practica1 -> /home/pablo/ros_ws/src/practica1/install/practica1/share/ament_index/resource_index/packages
[2.035s] creating /home/pablo/ros_ws/src/practica1/install/practica1/share/practica1/launch
[2.035s] copying launch/robot_launch.py -> /home/pablo/ros_ws/src/practica1/install/practica1/share/practica1/launch
[2.036s] creating /home/pablo/ros_ws/src/practica1/install/practica1/share/practica1/worlds
[2.036s] copying worlds/my_world.wbt -> /home/pablo/ros_ws/src/practica1/install/practica1/share/practica1/worlds
[2.036s] creating /home/pablo/ros_ws/src/practica1/install/practica1/share/practica1/resource
[2.036s] copying resource/my_robot.urdf -> /home/pablo/ros_ws/src/practica1/install/practica1/share/practica1/resource
[2.037s] copying package.xml -> /home/pablo/ros_ws/src/practica1/install/practica1/share/practica1
[2.037s] running install_egg_info
[2.075s] Copying build/practica1/practica1.egg-info to /home/pablo/ros_ws/src/practica1/install/practica1/lib/python3.12/site-packages/practica1-0.0.0-py3.12.egg-info
[2.076s] running install_scripts
[2.324s] Installing my_robot_driver script to /home/pablo/ros_ws/src/practica1/install/practica1/lib/practica1
[2.324s] writing list of installed files to '/home/pablo/ros_ws/src/practica1/build/practica1/install.log'
[2.360s] Invoked command in '/home/pablo/ros_ws/src/practica1' returned '0': PYTHONPATH=/home/pablo/ros_ws/src/practica1/build/practica1/prefix_override:/usr/lib/python3/dist-packages/colcon_core/task/python/colcon_distutils_commands:/home/pablo/ros_ws/src/practica1/install/practica1/lib/python3.12/site-packages:${PYTHONPATH} /usr/bin/python3 -W ignore:setup.py install is deprecated -W ignore:easy_install command is deprecated setup.py egg_info --egg-base build/practica1 build --build-base /home/pablo/ros_ws/src/practica1/build/practica1/build install --record /home/pablo/ros_ws/src/practica1/build/practica1/install.log --single-version-externally-managed install_data
