[1.389s] Invoking command in '/home/pablo/ros_ws/src/practica1': PYTHONPATH=/home/pablo/ros_ws/src/practica1/build/practica1/prefix_override:/usr/lib/python3/dist-packages/colcon_core/task/python/colcon_distutils_commands:/home/pablo/ros_ws/src/practica1/install/practica1/lib/python3.12/site-packages:${PYTHONPATH} /usr/bin/python3 -W ignore:setup.py install is deprecated -W ignore:easy_install command is deprecated setup.py egg_info --egg-base build/practica1 build --build-base /home/pablo/ros_ws/src/practica1/build/practica1/build install --record /home/pablo/ros_ws/src/practica1/build/practica1/install.log --single-version-externally-managed install_data
[1.869s] running egg_info
[1.907s] writing build/practica1/practica1.egg-info/PKG-INFO
[1.907s] writing dependency_links to build/practica1/practica1.egg-info/dependency_links.txt
[1.907s] writing entry points to build/practica1/practica1.egg-info/entry_points.txt
[1.908s] writing requirements to build/practica1/practica1.egg-info/requires.txt
[1.908s] writing top-level names to build/practica1/practica1.egg-info/top_level.txt
[1.985s] reading manifest file 'build/practica1/practica1.egg-info/SOURCES.txt'
[1.985s] adding license file 'LICENSE'
[1.986s] writing manifest file 'build/practica1/practica1.egg-info/SOURCES.txt'
[1.986s] running build
[1.986s] running build_py
[1.987s] running install
[1.997s] running install_lib
[2.036s] running install_data
[2.037s] running install_egg_info
[2.076s] removing '/home/pablo/ros_ws/src/practica1/install/practica1/lib/python3.12/site-packages/practica1-0.0.0-py3.12.egg-info' (and everything under it)
[2.076s] Copying build/practica1/practica1.egg-info to /home/pablo/ros_ws/src/practica1/install/practica1/lib/python3.12/site-packages/practica1-0.0.0-py3.12.egg-info
[2.078s] running install_scripts
[2.328s] Installing my_robot_driver script to /home/pablo/ros_ws/src/practica1/install/practica1/lib/practica1
[2.328s] writing list of installed files to '/home/pablo/ros_ws/src/practica1/build/practica1/install.log'
[2.366s] Invoked command in '/home/pablo/ros_ws/src/practica1' returned '0': PYTHONPATH=/home/pablo/ros_ws/src/practica1/build/practica1/prefix_override:/usr/lib/python3/dist-packages/colcon_core/task/python/colcon_distutils_commands:/home/pablo/ros_ws/src/practica1/install/practica1/lib/python3.12/site-packages:${PYTHONPATH} /usr/bin/python3 -W ignore:setup.py install is deprecated -W ignore:easy_install command is deprecated setup.py egg_info --egg-base build/practica1 build --build-base /home/pablo/ros_ws/src/practica1/build/practica1/build install --record /home/pablo/ros_ws/src/practica1/build/practica1/install.log --single-version-externally-managed install_data
