[1.649s] Invoking command in '/home/pablo/ros_ws/src/practica1': PYTHONPATH=/home/pablo/ros_ws/src/practica1/build/practica1/prefix_override:/usr/lib/python3/dist-packages/colcon_core/task/python/colcon_distutils_commands:/home/pablo/ros_ws/src/practica1/install/practica1/lib/python3.12/site-packages:${PYTHONPATH} /usr/bin/python3 -W ignore:setup.py install is deprecated -W ignore:easy_install command is deprecated setup.py egg_info --egg-base build/practica1 build --build-base /home/pablo/ros_ws/src/practica1/build/practica1/build install --record /home/pablo/ros_ws/src/practica1/build/practica1/install.log --single-version-externally-managed install_data
[2.134s] running egg_info
[2.171s] writing build/practica1/practica1.egg-info/PKG-INFO
[2.172s] writing dependency_links to build/practica1/practica1.egg-info/dependency_links.txt
[2.172s] writing entry points to build/practica1/practica1.egg-info/entry_points.txt
[2.172s] writing requirements to build/practica1/practica1.egg-info/requires.txt
[2.172s] writing top-level names to build/practica1/practica1.egg-info/top_level.txt
[2.250s] reading manifest file 'build/practica1/practica1.egg-info/SOURCES.txt'
[2.251s] adding license file 'LICENSE'
[2.251s] writing manifest file 'build/practica1/practica1.egg-info/SOURCES.txt'
[2.252s] running build
[2.252s] running build_py
[2.252s] copying practica1/my_robot_driver.py -> /home/pablo/ros_ws/src/practica1/build/practica1/build/lib/practica1
[2.253s] running install
[2.263s] running install_lib
[2.301s] copying /home/pablo/ros_ws/src/practica1/build/practica1/build/lib/practica1/my_robot_driver.py -> /home/pablo/ros_ws/src/practica1/install/practica1/lib/python3.12/site-packages/practica1
[2.302s] byte-compiling /home/pablo/ros_ws/src/practica1/install/practica1/lib/python3.12/site-packages/practica1/my_robot_driver.py to my_robot_driver.cpython-312.pyc
[2.303s] running install_data
[2.304s] running install_egg_info
[2.345s] removing '/home/pablo/ros_ws/src/practica1/install/practica1/lib/python3.12/site-packages/practica1-0.0.0-py3.12.egg-info' (and everything under it)
[2.345s] Copying build/practica1/practica1.egg-info to /home/pablo/ros_ws/src/practica1/install/practica1/lib/python3.12/site-packages/practica1-0.0.0-py3.12.egg-info
[2.347s] running install_scripts
[2.596s] Installing my_robot_driver script to /home/pablo/ros_ws/src/practica1/install/practica1/lib/practica1
[2.597s] writing list of installed files to '/home/pablo/ros_ws/src/practica1/build/practica1/install.log'
[2.634s] Invoked command in '/home/pablo/ros_ws/src/practica1' returned '0': PYTHONPATH=/home/pablo/ros_ws/src/practica1/build/practica1/prefix_override:/usr/lib/python3/dist-packages/colcon_core/task/python/colcon_distutils_commands:/home/pablo/ros_ws/src/practica1/install/practica1/lib/python3.12/site-packages:${PYTHONPATH} /usr/bin/python3 -W ignore:setup.py install is deprecated -W ignore:easy_install command is deprecated setup.py egg_info --egg-base build/practica1 build --build-base /home/pablo/ros_ws/src/practica1/build/practica1/build install --record /home/pablo/ros_ws/src/practica1/build/practica1/install.log --single-version-externally-managed install_data
